<?xml version="1.0" encoding="UTF-8"?>
<testsuite xmlns:xsi="http://www.w3.org/2001/XMLSchema-instance" xsi:noNamespaceSchemaLocation="https://maven.apache.org/surefire/maven-surefire-plugin/xsd/surefire-test-report.xsd" version="3.0.1" name="p2p.AppTest" time="0.062" tests="1" errors="0" skipped="0" failures="0">
  <properties>
    <property name="java.specification.version" value="22"/>
    <property name="sun.cpu.isalist" value="amd64"/>
    <property name="sun.jnu.encoding" value="Cp1252"/>
    <property name="java.class.path" value="D:\peer-to-peer-file-sharing\Backend\target\test-classes;D:\peer-to-peer-file-sharing\Backend\target\classes;C:\Users\singh\.m2\repository\org\junit\jupiter\junit-jupiter-api\5.11.0\junit-jupiter-api-5.11.0.jar;C:\Users\singh\.m2\repository\org\opentest4j\opentest4j\1.3.0\opentest4j-1.3.0.jar;C:\Users\singh\.m2\repository\org\junit\platform\junit-platform-commons\1.11.0\junit-platform-commons-1.11.0.jar;C:\Users\singh\.m2\repository\org\apiguardian\apiguardian-api\1.1.2\apiguardian-api-1.1.2.jar;C:\Users\singh\.m2\repository\org\junit\jupiter\junit-jupiter-params\5.11.0\junit-jupiter-params-5.11.0.jar;C:\Users\singh\.m2\repository\commons-io\commons-io\2.19.0\commons-io-2.19.0.jar;"/>
    <property name="java.vm.vendor" value="Oracle Corporation"/>
    <property name="sun.arch.data.model" value="64"/>
    <property name="user.variant" value=""/>
    <property name="java.vendor.url" value="https://java.oracle.com/"/>
    <property name="user.timezone" value="Asia/Calcutta"/>
    <property name="os.name" value="Windows 11"/>
    <property name="java.vm.specification.version" value="22"/>
    <property name="sun.java.launcher" value="SUN_STANDARD"/>
    <property name="user.country" value="IN"/>
    <property name="sun.boot.library.path" value="C:\Program Files\Java\jdk-22\bin"/>
    <property name="sun.java.command" value="C:\Users\singh\AppData\Local\Temp\surefire861970244880947989\surefirebooter-20250622212237366_3.jar C:\Users\singh\AppData\Local\Temp\surefire861970244880947989 2025-06-22T21-22-37_156-jvmRun1 surefire-20250622212237366_1tmp surefire_0-20250622212237366_2tmp"/>
    <property name="jdk.debug" value="release"/>
    <property name="surefire.test.class.path" value="D:\peer-to-peer-file-sharing\Backend\target\test-classes;D:\peer-to-peer-file-sharing\Backend\target\classes;C:\Users\singh\.m2\repository\org\junit\jupiter\junit-jupiter-api\5.11.0\junit-jupiter-api-5.11.0.jar;C:\Users\singh\.m2\repository\org\opentest4j\opentest4j\1.3.0\opentest4j-1.3.0.jar;C:\Users\singh\.m2\repository\org\junit\platform\junit-platform-commons\1.11.0\junit-platform-commons-1.11.0.jar;C:\Users\singh\.m2\repository\org\apiguardian\apiguardian-api\1.1.2\apiguardian-api-1.1.2.jar;C:\Users\singh\.m2\repository\org\junit\jupiter\junit-jupiter-params\5.11.0\junit-jupiter-params-5.11.0.jar;C:\Users\singh\.m2\repository\commons-io\commons-io\2.19.0\commons-io-2.19.0.jar;"/>
    <property name="sun.cpu.endian" value="little"/>
    <property name="user.home" value="C:\Users\singh"/>
    <property name="user.language" value="en"/>
    <property name="java.specification.vendor" value="Oracle Corporation"/>
    <property name="java.version.date" value="2024-04-16"/>
    <property name="java.home" value="C:\Program Files\Java\jdk-22"/>
    <property name="file.separator" value="\"/>
    <property name="basedir" value="D:\peer-to-peer-file-sharing\Backend"/>
    <property name="java.vm.compressedOopsMode" value="32-bit"/>
    <property name="line.separator" value="&#10;"/>
    <property name="java.vm.specification.vendor" value="Oracle Corporation"/>
    <property name="java.specification.name" value="Java Platform API Specification"/>
    <property name="surefire.real.class.path" value="C:\Users\singh\AppData\Local\Temp\surefire861970244880947989\surefirebooter-20250622212237366_3.jar"/>
    <property name="user.script" value=""/>
    <property name="sun.management.compiler" value="HotSpot 64-Bit Tiered Compilers"/>
    <property name="java.runtime.version" value="22.0.1+8-16"/>
    <property name="user.name" value="singh"/>
    <property name="stdout.encoding" value="Cp1252"/>
    <property name="path.separator" value=";"/>
    <property name="os.version" value="10.0"/>
    <property name="java.runtime.name" value="Java(TM) SE Runtime Environment"/>
    <property name="file.encoding" value="UTF-8"/>
    <property name="java.vm.name" value="Java HotSpot(TM) 64-Bit Server VM"/>
    <property name="localRepository" value="C:\Users\singh\.m2\repository"/>
    <property name="java.vendor.url.bug" value="https://bugreport.java.com/bugreport/"/>
    <property name="java.io.tmpdir" value="C:\Users\singh\AppData\Local\Temp\"/>
    <property name="java.version" value="22.0.1"/>
    <property name="user.dir" value="D:\peer-to-peer-file-sharing\Backend"/>
    <property name="os.arch" value="amd64"/>
    <property name="java.vm.specification.name" value="Java Virtual Machine Specification"/>
    <property name="sun.os.patch.level" value=""/>
    <property name="native.encoding" value="Cp1252"/>
    <property name="java.library.path" value="C:\Program Files\Java\jdk-22\bin;C:\WINDOWS\Sun\Java\bin;C:\WINDOWS\system32;C:\WINDOWS;C:\Users\singh\.conda\pkgs;C:\Users\singh\miniconda3;C:\runtime\win64;c:\Users\singh\AppData\Local\Programs\Python\Python312\Lib\site-packages\torch\lib\fbgemm.dll;C:\Users\singh\AppData\Local\Programs\Python\Python312\Lib\site-packages\torch\lib\fbgemm.dll;C:\Users\singh\AppData\Local\Programs\Python\Python312;C:\Users\singh\AppData\Local\Programs\Python\Python312\Lib\site-packages\torch\lib\fbgemm.dll;C:\kafka_2.13-3.9.0\bin;C:\Users\singh\AppData\Local\Programs\Python\Python312\Lib\site-packages\transformers;D:\gradle-8.13-bin\gradle-8.13\bin;&quot;C:\apache-maven-3.9.9-bin&quot;\bin;C:\Users\singh\AppData\Local\Programs\Python\Python312\DLLs;C:\Users\singh\AppData\Local\Programs\Python\Python312\Lib\site-packages;C:\Program Files\Java\jdk-22\bin;C:\Program Files\Common Files\Oracle\Java\javapath;C:\Program Files\MongoDB\Server\7.0\bin;C:\WINDOWS\system32;C:\WINDOWS;C:\WINDOWS\System32\Wbem;C:\WINDOWS\System32\WindowsPowerShell\v1.0\;C:\WINDOWS\System32\OpenSSH\;C:\MinGW\bin;C:\Program Files\nodejs\;C:\Program Files (x86)\Git\cmd;C:\Program Files\Docker\Docker\resources\bin;D:\runtime\win64;D:\bin;D:\polyspace\bin;C:\bin;C:\polyspace\bin;C:\Program Files\Microsoft SQL Server\110\Tools\Binn\;C:\Program Files (x86)\Common Files\AspenTech Shared\;C:\Program Files\Go\bin;C:\apache-maven-3.9.9-bin\apache-maven-3.9.9\bin;C:\Users\singh\miniconda3;C:\Users\singh\miniconda3\Library\mingw-w64\bin;C:\Users\singh\miniconda3\Library\usr\bin;C:\Users\singh\miniconda3\Library\bin;C:\Users\singh\miniconda3\Scripts;C:\Users\singh\AppData\Local\Programs\Python\Python312\Lib\site-packages\torch\lib\fbgemm.dll;C:\Users\singh\AppData\Local\Programs\Python\Launcher\;C:\Program Files\7-Zip;c:\Users\singh\AppData\Local\Programs\Python\Python312\Lib\site-packages\torch\lib\fbgemm.dll;C:\Users\singh\AppData\Local\Programs\Python\Python312;C:\Users\singh\AppData\Local\Programs\Python\Python312\Lib\site-packages\transformers;C:\Users\singh\AppData\Local\Programs\Python\Python312\Lib\site-packages\torch\lib\fbgemm.dll;C:\Users\singh\.conda\pkgs;C:\Users\singh\AppData\Local\Programs\Python\Python312\Scripts;C:\Python312;C:\Users\singh\AppData\Local\Microsoft\WindowsApps;C:\Users\singh\AppData\Local\Programs\Microsoft VS Code\bin;C:\Users\singh\AppData\Roaming\npm;C:\Users\singh\AppData\Local\Programs\mongosh\;C:\Users\singh\go\bin;C:\Program Files\JetBrains\IntelliJ IDEA Community Edition 2024.3.2.2\bin;;."/>
    <property name="java.vm.info" value="mixed mode, sharing"/>
    <property name="stderr.encoding" value="Cp1252"/>
    <property name="java.vendor" value="Oracle Corporation"/>
    <property name="java.vm.version" value="22.0.1+8-16"/>
    <property name="sun.io.unicode.encoding" value="UnicodeLittle"/>
    <property name="java.class.version" value="66.0"/>
  </properties>
  <testcase name="shouldAnswerWithTrue" classname="p2p.AppTest" time="0.031"/>
</testsuite>